  shaders\shader.slang
  main.cpp
C:\Program Files (x86)\Windows Kits\10\Include\10.0.26100.0\shared\minwindef.h(130,9): warning C4005: 'APIENTRY': macro redefinition
  (compiling source file 'src/main.cpp')
      C:\Users\yoann\Documents\Projet_et_Etude\GamingCampus\2025-2026\Engine_3D\Moteur3D_Vulkan\Engine3D\external\include\GLFW\glfw3.h(123,11):
      see previous definition of 'APIENTRY'
  
C:\Users\yoann\Documents\Projet_et_Etude\GamingCampus\2025-2026\Engine_3D\Moteur3D_Vulkan\Engine3D\include\vulkan.h(781,47): warning C4267: 'argument': conversion from 'size_t' to 'uint32_t', possible loss of data
  (compiling source file 'src/main.cpp')
  
  camera.cpp
C:\Users\yoann\Documents\Projet_et_Etude\GamingCampus\2025-2026\Engine_3D\Moteur3D_Vulkan\Engine3D\src\camera.cpp(74,11): warning C4244: '=': conversion from 'double' to 'float', possible loss of data
C:\Users\yoann\Documents\Projet_et_Etude\GamingCampus\2025-2026\Engine_3D\Moteur3D_Vulkan\Engine3D\src\camera.cpp(75,11): warning C4244: '=': conversion from 'double' to 'float', possible loss of data
C:\Users\yoann\Documents\Projet_et_Etude\GamingCampus\2025-2026\Engine_3D\Moteur3D_Vulkan\Engine3D\src\camera.cpp(79,16): warning C4244: 'initializing': conversion from 'double' to 'float', possible loss of data
C:\Users\yoann\Documents\Projet_et_Etude\GamingCampus\2025-2026\Engine_3D\Moteur3D_Vulkan\Engine3D\src\camera.cpp(80,16): warning C4244: 'initializing': conversion from 'double' to 'float', possible loss of data
C:\Users\yoann\Documents\Projet_et_Etude\GamingCampus\2025-2026\Engine_3D\Moteur3D_Vulkan\Engine3D\src\camera.cpp(82,10): warning C4244: '=': conversion from 'double' to 'float', possible loss of data
C:\Users\yoann\Documents\Projet_et_Etude\GamingCampus\2025-2026\Engine_3D\Moteur3D_Vulkan\Engine3D\src\camera.cpp(83,10): warning C4244: '=': conversion from 'double' to 'float', possible loss of data
C:\Users\yoann\Documents\Projet_et_Etude\GamingCampus\2025-2026\Engine_3D\Moteur3D_Vulkan\Engine3D\src\camera.cpp(92,29): warning C4244: 'argument': conversion from 'double' to 'float', possible loss of data
  window.cpp
  Generating Code...
glfw3-s-d.lib(vulkan.obj) : warning LNK4099: PDB 'glfw3-s-d.pdb' was not found with 'glfw3-s-d.lib(vulkan.obj)' or at 'C:\Users\yoann\Documents\Projet_et_Etude\GamingCampus\2025-2026\Engine_3D\Moteur3D_Vulkan\Engine3D\x64\Debug\glfw3-s-d.pdb'; linking object as if no debug info
glfw3-s-d.lib(window.obj) : warning LNK4099: PDB 'glfw3-s-d.pdb' was not found with 'glfw3-s-d.lib(window.obj)' or at 'C:\Users\yoann\Documents\Projet_et_Etude\GamingCampus\2025-2026\Engine_3D\Moteur3D_Vulkan\Engine3D\x64\Debug\glfw3-s-d.pdb'; linking object as if no debug info
glfw3-s-d.lib(input.obj) : warning LNK4099: PDB 'glfw3-s-d.pdb' was not found with 'glfw3-s-d.lib(input.obj)' or at 'C:\Users\yoann\Documents\Projet_et_Etude\GamingCampus\2025-2026\Engine_3D\Moteur3D_Vulkan\Engine3D\x64\Debug\glfw3-s-d.pdb'; linking object as if no debug info
glfw3-s-d.lib(init.obj) : warning LNK4099: PDB 'glfw3-s-d.pdb' was not found with 'glfw3-s-d.lib(init.obj)' or at 'C:\Users\yoann\Documents\Projet_et_Etude\GamingCampus\2025-2026\Engine_3D\Moteur3D_Vulkan\Engine3D\x64\Debug\glfw3-s-d.pdb'; linking object as if no debug info
glfw3-s-d.lib(win32_window.obj) : warning LNK4099: PDB 'glfw3-s-d.pdb' was not found with 'glfw3-s-d.lib(win32_window.obj)' or at 'C:\Users\yoann\Documents\Projet_et_Etude\GamingCampus\2025-2026\Engine_3D\Moteur3D_Vulkan\Engine3D\x64\Debug\glfw3-s-d.pdb'; linking object as if no debug info
glfw3-s-d.lib(context.obj) : warning LNK4099: PDB 'glfw3-s-d.pdb' was not found with 'glfw3-s-d.lib(context.obj)' or at 'C:\Users\yoann\Documents\Projet_et_Etude\GamingCampus\2025-2026\Engine_3D\Moteur3D_Vulkan\Engine3D\x64\Debug\glfw3-s-d.pdb'; linking object as if no debug info
glfw3-s-d.lib(win32_thread.obj) : warning LNK4099: PDB 'glfw3-s-d.pdb' was not found with 'glfw3-s-d.lib(win32_thread.obj)' or at 'C:\Users\yoann\Documents\Projet_et_Etude\GamingCampus\2025-2026\Engine_3D\Moteur3D_Vulkan\Engine3D\x64\Debug\glfw3-s-d.pdb'; linking object as if no debug info
glfw3-s-d.lib(win32_joystick.obj) : warning LNK4099: PDB 'glfw3-s-d.pdb' was not found with 'glfw3-s-d.lib(win32_joystick.obj)' or at 'C:\Users\yoann\Documents\Projet_et_Etude\GamingCampus\2025-2026\Engine_3D\Moteur3D_Vulkan\Engine3D\x64\Debug\glfw3-s-d.pdb'; linking object as if no debug info
glfw3-s-d.lib(win32_time.obj) : warning LNK4099: PDB 'glfw3-s-d.pdb' was not found with 'glfw3-s-d.lib(win32_time.obj)' or at 'C:\Users\yoann\Documents\Projet_et_Etude\GamingCampus\2025-2026\Engine_3D\Moteur3D_Vulkan\Engine3D\x64\Debug\glfw3-s-d.pdb'; linking object as if no debug info
glfw3-s-d.lib(win32_init.obj) : warning LNK4099: PDB 'glfw3-s-d.pdb' was not found with 'glfw3-s-d.lib(win32_init.obj)' or at 'C:\Users\yoann\Documents\Projet_et_Etude\GamingCampus\2025-2026\Engine_3D\Moteur3D_Vulkan\Engine3D\x64\Debug\glfw3-s-d.pdb'; linking object as if no debug info
glfw3-s-d.lib(win32_monitor.obj) : warning LNK4099: PDB 'glfw3-s-d.pdb' was not found with 'glfw3-s-d.lib(win32_monitor.obj)' or at 'C:\Users\yoann\Documents\Projet_et_Etude\GamingCampus\2025-2026\Engine_3D\Moteur3D_Vulkan\Engine3D\x64\Debug\glfw3-s-d.pdb'; linking object as if no debug info
glfw3-s-d.lib(monitor.obj) : warning LNK4099: PDB 'glfw3-s-d.pdb' was not found with 'glfw3-s-d.lib(monitor.obj)' or at 'C:\Users\yoann\Documents\Projet_et_Etude\GamingCampus\2025-2026\Engine_3D\Moteur3D_Vulkan\Engine3D\x64\Debug\glfw3-s-d.pdb'; linking object as if no debug info
glfw3-s-d.lib(wgl_context.obj) : warning LNK4099: PDB 'glfw3-s-d.pdb' was not found with 'glfw3-s-d.lib(wgl_context.obj)' or at 'C:\Users\yoann\Documents\Projet_et_Etude\GamingCampus\2025-2026\Engine_3D\Moteur3D_Vulkan\Engine3D\x64\Debug\glfw3-s-d.pdb'; linking object as if no debug info
glfw3-s-d.lib(egl_context.obj) : warning LNK4099: PDB 'glfw3-s-d.pdb' was not found with 'glfw3-s-d.lib(egl_context.obj)' or at 'C:\Users\yoann\Documents\Projet_et_Etude\GamingCampus\2025-2026\Engine_3D\Moteur3D_Vulkan\Engine3D\x64\Debug\glfw3-s-d.pdb'; linking object as if no debug info
glfw3-s-d.lib(osmesa_context.obj) : warning LNK4099: PDB 'glfw3-s-d.pdb' was not found with 'glfw3-s-d.lib(osmesa_context.obj)' or at 'C:\Users\yoann\Documents\Projet_et_Etude\GamingCampus\2025-2026\Engine_3D\Moteur3D_Vulkan\Engine3D\x64\Debug\glfw3-s-d.pdb'; linking object as if no debug info
  Engine3D.vcxproj -> C:\Users\yoann\Documents\Projet_et_Etude\GamingCampus\2025-2026\Engine_3D\Moteur3D_Vulkan\Engine3D\x64\Debug\Engine3D.exe
